"C:\Program Files\JetBrains\CLion 2018.3\bin\cmake\win\bin\cmake.exe" -DCMAKE_BUILD_TYPE=Debug -G "CodeBlocks - MinGW Makefiles" G:\Users\Uálaci\Desktop\PilhaEncadeada
-- The C compiler identification is GNU 4.9.2
-- Check for working C compiler: C:/Program Files (x86)/Dev-Cpp/MinGW64/bin/gcc.exe
-- Check for working C compiler: C:/Program Files (x86)/Dev-Cpp/MinGW64/bin/gcc.exe -- broken
CMake Error at C:/Program Files/JetBrains/CLion 2018.3/bin/cmake/win/share/cmake-3.12/Modules/CMakeTestCCompiler.cmake:52 (message):
  The C compiler

    "C:/Program Files (x86)/Dev-Cpp/MinGW64/bin/gcc.exe"

  is not able to compile a simple test program.

  It fails with the following output:

    Change Dir: G:/Users/UÃ¡laci/Desktop/PilhaEncadeada/cmake-build-debug/CMakeFiles/CMakeTmp
    
    Run Build Command:"C:/PROGRA~2/Dev-Cpp/MinGW64/bin/mingw32-make.exe" "cmTC_b92e2/fast"
    C:/PROGRA~2/Dev-Cpp/MinGW64/bin/mingw32-make.exe -f CMakeFiles\cmTC_b92e2.dir\build.make CMakeFiles/cmTC_b92e2.dir/build
    mingw32-make.exe[1]: Entering directory 'G:/Users/UÃŸlaci/Desktop/PilhaEncadeada/cmake-build-debug/CMakeFiles/CMakeTmp'
    Building C object CMakeFiles/cmTC_b92e2.dir/testCCompiler.c.obj
    C:\PROGRA~2\Dev-Cpp\MinGW64\bin\gcc.exe    -o CMakeFiles\cmTC_b92e2.dir\testCCompiler.c.obj   -c G:\Users\Uâ”œÃ­laci\Desktop\PilhaEncadeada\cmake-build-debug\CMakeFiles\CMakeTmp\testCCompiler.c
    gcc.exe: error: G:\Users\Uâ”œÃ­laci\Desktop\PilhaEncadeada\cmake-build-debug\CMakeFiles\CMakeTmp\testCCompiler.c: No such file or directory
    gcc.exe: fatal error: no input files
    compilation terminated.
    CMakeFiles\cmTC_b92e2.dir\build.make:64: recipe for target 'CMakeFiles/cmTC_b92e2.dir/testCCompiler.c.obj' failed
    mingw32-make.exe[1]: *** [CMakeFiles/cmTC_b92e2.dir/testCCompiler.c.obj] Error 1
    mingw32-make.exe[1]: Leaving directory 'G:/Users/UÃŸlaci/Desktop/PilhaEncadeada/cmake-build-debug/CMakeFiles/CMakeTmp'
    Makefile:120: recipe for target 'cmTC_b92e2/fast' failed
    mingw32-make.exe: *** [cmTC_b92e2/fast] Error 2
    

  

  CMake will not be able to correctly generate this project.
Call Stack (most recent call first):
  CMakeLists.txt:2 (project)


-- Configuring incomplete, errors occurred!
See also "G:/Users/UÃ¡laci/Desktop/PilhaEncadeada/cmake-build-debug/CMakeFiles/CMakeOutput.log".
See also "G:/Users/UÃ¡laci/Desktop/PilhaEncadeada/cmake-build-debug/CMakeFiles/CMakeError.log".
